This file contains any messages produced by compilers while
running configure, to aid debugging if configure makes a mistake.

configure:907: checking for a BSD compatible install
configure:960: checking whether build environment is sane
configure:1017: checking whether make sets ${MAKE}
configure:1063: checking for working aclocal
configure:1076: checking for working autoconf
configure:1089: checking for working automake
configure:1102: checking for working autoheader
configure:1115: checking for working makeinfo
configure:1142: checking for gcc
configure:1255: checking whether the C compiler (gcc  ) works
configure:1271: gcc -o conftest    conftest.c  1>&5
configure:1297: checking whether the C compiler (gcc  ) is a cross-compiler
configure:1302: checking whether we are using GNU C
configure:1330: checking whether gcc accepts -g
configure:1373: checking for Cygwin environment
configure:1406: checking for mingw32 environment
configure:1435: checking how to run the C preprocessor
configure:1590: checking host system type
configure:1611: checking build system type
configure:1640: checking for ld used by GCC
configure:1708: checking if the linker (/usr/bin/ld) is GNU ld
configure:1725: checking for /usr/bin/ld option to reload object files
configure:1737: checking for BSD-compatible nm
configure:1775: checking whether ln -s works
configure:1796: checking how to recognise dependant libraries
configure:1973: checking for object suffix
configure:1999: checking for executable suffix
configure:2040: checking command to parse /usr/bin/nm -B output
configure:2223: checking for dlfcn.h
configure:2401: checking for ranlib
configure:2468: checking for strip
configure:2711: checking for objdir
configure:2738: checking for gcc option to produce PIC
configure:2890: checking if gcc PIC flag                        -fPIC works
configure:2956: checking if gcc static flag -static works
configure:2998: checking if gcc supports -c -o file.o
configure:3046: checking if gcc supports -c -o file.lo
configure:3114: checking if gcc supports -fno-rtti -fno-exceptions
configure:3127: gcc -c -g -O2 -fno-rtti -fno-exceptions -c conftest.c  conftest.c 1>&5
configure:3154: checking whether the linker (/usr/bin/ld) supports shared libraries
configure:3839: checking how to hardcode library paths into programs
configure:3867: checking whether stripping libraries is possible
configure:3881: checking dynamic linker characteristics
configure:4282: checking if libtool supports shared libraries
configure:4286: checking whether to build shared libraries
configure:4309: checking whether to build static libraries
configure:4845: checking whether -lc should be explicitly linked in
configure:5451: checking target system type
configure:5510: checking for sdl-config
configure:5545: checking for SDL - version >= 1.2.0
configure:5630: gcc -o conftest -g -O2 -I/usr/include/SDL -D_REENTRANT   conftest.c  -L/usr/lib -lSDL -lpthread 1>&5
configure:5716: checking for IMG_Load in -lSDL_image
configure:5763: checking for fftw_execute in -lfftw3
configure:5817: checking for SDL.h
configure:5857: checking for libmad files
